0 info it worked if it ends with ok
1 verbose cli [ 'D:\\mynode\\node.exe',
1 verbose cli   'C:\\Users\\Administrator\\AppData\\Roaming\\npm\\node_modules\\cnpm\\node_modules\\npm\\bin\\npm-cli.js',
1 verbose cli   '--userconfig=C:\\Users\\Administrator\\.cnpmrc',
1 verbose cli   '--disturl=https://npm.taobao.org/mirrors/node',
1 verbose cli   '--registry=https://registry.npm.taobao.org',
1 verbose cli   'run',
1 verbose cli   'dev' ]
2 info using npm@3.10.10
3 info using node@v7.8.0
4 verbose run-script [ 'predev', 'dev', 'postdev' ]
5 info lifecycle happyfri@1.0.1~predev: happyfri@1.0.1
6 silly lifecycle happyfri@1.0.1~predev: no script for predev, continuing
7 info lifecycle happyfri@1.0.1~dev: happyfri@1.0.1
8 verbose lifecycle happyfri@1.0.1~dev: unsafe-perm in lifecycle true
9 verbose lifecycle happyfri@1.0.1~dev: PATH: C:\Users\Administrator\AppData\Roaming\npm\node_modules\cnpm\node_modules\npm\bin\node-gyp-bin;E:\smallProject\vue2-happyfri\node_modules\.bin;C:\ProgramData\Oracle\Java\javapath;C:\Windows\system32;C:\Windows;C:\Windows\System32\Wbem;C:\Windows\System32\WindowsPowerShell\v1.0\;D:\phptools\php-5.5.30-Win32-VC11-x64;D:\phptools\php-5.5.30-Win32-VC11-x64\ext;D:\Program Files (x86)\Git\cmd;C:\Program Files\TortoiseGit\bin;D:\mynode\;D:\Anaconda3;D:\Anaconda3\Scripts;D:\Anaconda3\Library\bin;C:\Users\Administrator\AppData\Roaming\npm
10 verbose lifecycle happyfri@1.0.1~dev: CWD: E:\smallProject\vue2-happyfri
11 silly lifecycle happyfri@1.0.1~dev: Args: [ '/d /s /c', 'node build/dev-server.js' ]
12 verbose stack Error: kill ENOSYS
12 verbose stack     at exports._errnoException (util.js:1034:11)
12 verbose stack     at process.kill (internal/process.js:188:13)
12 verbose stack     at process.listener (C:\Users\Administrator\AppData\Roaming\npm\node_modules\cnpm\node_modules\npm\node_modules\npmlog\node_modules\gauge\node_modules\signal-exit\index.js:86:15)
12 verbose stack     at emitNone (events.js:91:20)
12 verbose stack     at process.emit (events.js:188:7)
12 verbose stack     at processEmit (C:\Users\Administrator\AppData\Roaming\npm\node_modules\cnpm\node_modules\npm\node_modules\npmlog\node_modules\gauge\node_modules\signal-exit\index.js:146:32)
12 verbose stack     at processEmit (C:\Users\Administrator\AppData\Roaming\npm\node_modules\cnpm\node_modules\npm\node_modules\npm-registry-client\node_modules\npmlog\node_modules\gauge\node_modules\signal-exit\index.js:146:32)
12 verbose stack     at Signal.wrap.onsignal (internal/process.js:215:44)
13 verbose cwd E:\smallProject\vue2-happyfri
14 error Windows_NT 6.1.7601
15 error argv "D:\\mynode\\node.exe" "C:\\Users\\Administrator\\AppData\\Roaming\\npm\\node_modules\\cnpm\\node_modules\\npm\\bin\\npm-cli.js" "--userconfig=C:\\Users\\Administrator\\.cnpmrc" "--disturl=https://npm.taobao.org/mirrors/node" "--registry=https://registry.npm.taobao.org" "run" "dev"
16 error node v7.8.0
17 error npm  v3.10.10
18 error code ENOSYS
19 error errno ENOSYS
20 error syscall kill
21 error kill ENOSYS
22 error If you need help, you may report this error at:
22 error     <https://github.com/npm/npm/issues>
23 verbose exit [ 1, true ]
